Command: ninja flash
[1/11] Performing build step for 'bootloader'
[1/1] C:\WINDOWS\system32\cmd.exe /C "cd /D C:\esp\my_host_project\my_app\build\bootloader\esp-idf\esptool_py && C:\Espressif\python_env\idf5.5_py3.13_env\Scripts\python.exe C:/Espressif/frameworks/esp-idf-v5.5.2/components/partition_table/check_sizes.py --offset 0x8000 bootloader 0x0 C:/esp/my_host_project/my_app/build/bootloader/bootloader.bin"
Bootloader binary size 0x57e0 bytes. 0x2820 bytes (31%) free.
[2/11] No install step for 'bootloader'
[3/11] C:\WINDOWS\system32\cmd.exe /C "cd /D C:\esp\my_host_project\my_app\build && C:\Espressif\python_env\idf5.5_py3.13_env\Scripts\python.exe C:/Espressif/frameworks/esp-idf-v5.5.2/components/spiffs/spiffsgen.py 0xc50000 C:/esp/my_host_project/my_app/spiffs C:/esp/my_host_project/my_app/build/storage.bin --page-size=256 --obj-name-len=32 --meta-len=4 --use-magic --use-magic-len"
[4/11] Completed 'bootloader'
[5/11] Building C object esp-idf/main/CMakeFiles/__idf_main.dir/footswitch.c.obj
FAILED: esp-idf/main/CMakeFiles/__idf_main.dir/footswitch.c.obj 
ccache C:\Espressif\tools\xtensa-esp-elf\esp-14.2.0_20251107\xtensa-esp-elf\bin\xtensa-esp32s3-elf-gcc.exe -DESP_PLATFORM -DIDF_VER=\"v5.5.2-dirty\" -DSOC_MMU_PAGE_SIZE=CONFIG_MMU_PAGE_SIZE -DSOC_XTAL_FREQ_MHZ=CONFIG_XTAL_FREQ -D_GLIBCXX_HAVE_POSIX_SEMAPHORE -D_GLIBCXX_USE_POSIX_SEMAPHORE -D_GNU_SOURCE -D_POSIX_READER_WRITER_LOCKS -IC:/esp/my_host_project/my_app/build/config -IC:/esp/my_host_project/my_app/main -IC:/Espressif/frameworks/esp-idf-v5.5.2/components/newlib/platform_include -IC:/Espressif/frameworks/esp-idf-v5.5.2/components/freertos/config/include -IC:/Espressif/frameworks/esp-idf-v5.5.2/components/freertos/config/include/freertos -IC:/Espressif/frameworks/esp-idf-v5.5.2/components/freertos/config/xtensa/include -IC:/Espressif/frameworks/esp-idf-v5.5.2/components/freertos/FreeRTOS-Kernel/include -IC:/Espressif/frameworks/esp-idf-v5.5.2/components/freertos/FreeRTOS-Kernel/portable/xtensa/include -IC:/Espressif/frameworks/esp-idf-v5.5.2/components/freertos/FreeRTOS-Kernel/portable/xtensa/include/freertos -IC:/Espressif/frameworks/esp-idf-v5.5.2/components/freertos/esp_additions/include -IC:/Espressif/frameworks/esp-idf-v5.5.2/components/esp_hw_support/include -IC:/Espressif/frameworks/esp-idf-v5.5.2/components/esp_hw_support/include/soc -IC:/Espressif/frameworks/esp-idf-v5.5.2/components/esp_hw_support/include/soc/esp32s3 -IC:/Espressif/frameworks/esp-idf-v5.5.2/components/esp_hw_support/dma/include -IC:/Espressif/frameworks/esp-idf-v5.5.2/components/esp_hw_support/ldo/include -IC:/Espressif/frameworks/esp-idf-v5.5.2/components/esp_hw_support/debug_probe/include -IC:/Espressif/frameworks/esp-idf-v5.5.2/components/esp_hw_support/mspi_timing_tuning/include -IC:/Espressif/frameworks/esp-idf-v5.5.2/components/esp_hw_support/mspi_timing_tuning/tuning_scheme_impl/include -IC:/Espressif/frameworks/esp-idf-v5.5.2/components/esp_hw_support/power_supply/include -IC:/Espressif/frameworks/esp-idf-v5.5.2/components/esp_hw_support/port/esp32s3/. -IC:/Espressif/frameworks/esp-idf-v5.5.2/components/esp_hw_support/port/esp32s3/include -IC:/Espressif/frameworks/esp-idf-v5.5.2/components/esp_hw_support/mspi_timing_tuning/port/esp32s3/. -IC:/Espressif/frameworks/esp-idf-v5.5.2/components/esp_hw_support/mspi_timing_tuning/port/esp32s3/include -IC:/Espressif/frameworks/esp-idf-v5.5.2/components/heap/include -IC:/Espressif/frameworks/esp-idf-v5.5.2/components/heap/tlsf -IC:/Espressif/frameworks/esp-idf-v5.5.2/components/log/include -IC:/Espressif/frameworks/esp-idf-v5.5.2/components/soc/include -IC:/Espressif/frameworks/esp-idf-v5.5.2/components/soc/esp32s3 -IC:/Espressif/frameworks/esp-idf-v5.5.2/components/soc/esp32s3/include -IC:/Espressif/frameworks/esp-idf-v5.5.2/components/soc/esp32s3/register -IC:/Espressif/frameworks/esp-idf-v5.5.2/components/hal/platform_port/include -IC:/Espressif/frameworks/esp-idf-v5.5.2/components/hal/esp32s3/include -IC:/Espressif/frameworks/esp-idf-v5.5.2/components/hal/include -IC:/Espressif/frameworks/esp-idf-v5.5.2/components/esp_rom/include -IC:/Espressif/frameworks/esp-idf-v5.5.2/components/esp_rom/esp32s3/include -IC:/Espressif/frameworks/esp-idf-v5.5.2/components/esp_rom/esp32s3/include/esp32s3 -IC:/Espressif/frameworks/esp-idf-v5.5.2/components/esp_rom/esp32s3 -IC:/Espressif/frameworks/esp-idf-v5.5.2/components/esp_common/include -IC:/Espressif/frameworks/esp-idf-v5.5.2/components/esp_system/include -IC:/Espressif/frameworks/esp-idf-v5.5.2/components/esp_system/port/soc -IC:/Espressif/frameworks/esp-idf-v5.5.2/components/esp_system/port/include/private -IC:/Espressif/frameworks/esp-idf-v5.5.2/components/xtensa/esp32s3/include -IC:/Espressif/frameworks/esp-idf-v5.5.2/components/xtensa/include -IC:/Espressif/frameworks/esp-idf-v5.5.2/components/xtensa/deprecated_include -IC:/Espressif/frameworks/esp-idf-v5.5.2/components/lwip/include -IC:/Espressif/frameworks/esp-idf-v5.5.2/components/lwip/include/apps -IC:/Espressif/frameworks/esp-idf-v5.5.2/components/lwip/include/apps/sntp -IC:/Espressif/frameworks/esp-idf-v5.5.2/components/lwip/lwip/src/include -IC:/Espressif/frameworks/esp-idf-v5.5.2/components/lwip/port/include -IC:/Espressif/frameworks/esp-idf-v5.5.2/components/lwip/port/freertos/include -IC:/Espressif/frameworks/esp-idf-v5.5.2/components/lwip/port/esp32xx/include -IC:/Espressif/frameworks/esp-idf-v5.5.2/components/lwip/port/esp32xx/include/arch -IC:/Espressif/frameworks/esp-idf-v5.5.2/components/lwip/port/esp32xx/include/sys -IC:/Espressif/frameworks/esp-idf-v5.5.2/components/nvs_flash/include -IC:/Espressif/frameworks/esp-idf-v5.5.2/components/esp_partition/include -IC:/Espressif/frameworks/esp-idf-v5.5.2/components/esp_wifi/include -IC:/Espressif/frameworks/esp-idf-v5.5.2/components/esp_wifi/include/local -IC:/Espressif/frameworks/esp-idf-v5.5.2/components/esp_wifi/wifi_apps/include -IC:/Espressif/frameworks/esp-idf-v5.5.2/components/esp_wifi/wifi_apps/nan_app/include -IC:/Espressif/frameworks/esp-idf-v5.5.2/components/esp_event/include -IC:/Espressif/frameworks/esp-idf-v5.5.2/components/esp_phy/include -IC:/Espressif/frameworks/esp-idf-v5.5.2/components/esp_phy/esp32s3/include -IC:/Espressif/frameworks/esp-idf-v5.5.2/components/esp_netif/include -IC:/Espressif/frameworks/esp-idf-v5.5.2/components/esp_http_server/include -IC:/Espressif/frameworks/esp-idf-v5.5.2/components/http_parser -IC:/Espressif/frameworks/esp-idf-v5.5.2/components/spiffs/include -IC:/Espressif/frameworks/esp-idf-v5.5.2/components/driver/deprecated -IC:/Espressif/frameworks/esp-idf-v5.5.2/components/driver/i2c/include -IC:/Espressif/frameworks/esp-idf-v5.5.2/components/driver/touch_sensor/include -IC:/Espressif/frameworks/esp-idf-v5.5.2/components/driver/twai/include -IC:/Espressif/frameworks/esp-idf-v5.5.2/components/driver/touch_sensor/esp32s3/include -IC:/Espressif/frameworks/esp-idf-v5.5.2/components/esp_pm/include -IC:/Espressif/frameworks/esp-idf-v5.5.2/components/esp_ringbuf/include -IC:/Espressif/frameworks/esp-idf-v5.5.2/components/esp_driver_gpio/include -IC:/Espressif/frameworks/esp-idf-v5.5.2/components/esp_driver_pcnt/include -IC:/Espressif/frameworks/esp-idf-v5.5.2/components/esp_driver_gptimer/include -IC:/Espressif/frameworks/esp-idf-v5.5.2/components/esp_driver_spi/include -IC:/Espressif/frameworks/esp-idf-v5.5.2/components/esp_driver_mcpwm/include -IC:/Espressif/frameworks/esp-idf-v5.5.2/components/esp_driver_ana_cmpr/include -IC:/Espressif/frameworks/esp-idf-v5.5.2/components/esp_driver_i2s/include -IC:/Espressif/frameworks/esp-idf-v5.5.2/components/esp_driver_sdmmc/include -IC:/Espressif/frameworks/esp-idf-v5.5.2/components/sdmmc/include -IC:/Espressif/frameworks/esp-idf-v5.5.2/components/esp_driver_sdspi/include -IC:/Espressif/frameworks/esp-idf-v5.5.2/components/esp_driver_sdio/include -IC:/Espressif/frameworks/esp-idf-v5.5.2/components/esp_driver_dac/include -IC:/Espressif/frameworks/esp-idf-v5.5.2/components/esp_driver_rmt/include -IC:/Espressif/frameworks/esp-idf-v5.5.2/components/esp_driver_tsens/include -IC:/Espressif/frameworks/esp-idf-v5.5.2/components/esp_driver_sdm/include -IC:/Espressif/frameworks/esp-idf-v5.5.2/components/esp_driver_i2c/include -IC:/Espressif/frameworks/esp-idf-v5.5.2/components/esp_driver_uart/include -IC:/Espressif/frameworks/esp-idf-v5.5.2/components/vfs/include -IC:/Espressif/frameworks/esp-idf-v5.5.2/components/esp_driver_ledc/include -IC:/Espressif/frameworks/esp-idf-v5.5.2/components/esp_driver_parlio/include -IC:/Espressif/frameworks/esp-idf-v5.5.2/components/esp_driver_usb_serial_jtag/include -IC:/Espressif/frameworks/esp-idf-v5.5.2/components/esp_driver_twai/include -IC:/Espressif/frameworks/esp-idf-v5.5.2/components/json/cJSON -IC:/Espressif/frameworks/esp-idf-v5.5.2/components/usb/include -IC:/Espressif/frameworks/esp-idf-v5.5.2/components/esp_timer/include -mlongcalls  -fno-builtin-memcpy -fno-builtin-memset -fno-builtin-bzero -fno-builtin-stpcpy -fno-builtin-strncpy -fdiagnostics-color=always -ffunction-sections -fdata-sections -Wall -Werror=all -Wno-error=unused-function -Wno-error=unused-variable -Wno-error=unused-but-set-variable -Wno-error=deprecated-declarations -Wextra -Wno-error=extra -Wno-unused-parameter -Wno-sign-compare -Wno-enum-conversion -gdwarf-4 -ggdb -mdisable-hardware-atomics -Og -fno-shrink-wrap -fmacro-prefix-map=C:/esp/my_host_project/my_app=. -fmacro-prefix-map=C:/Espressif/frameworks/esp-idf-v5.5.2=/IDF -fstrict-volatile-bitfields -fno-jump-tables -fno-tree-switch-conversion -std=gnu17 -Wno-old-style-declaration -MD -MT esp-idf/main/CMakeFiles/__idf_main.dir/footswitch.c.obj -MF esp-idf\main\CMakeFiles\__idf_main.dir\footswitch.c.obj.d -o esp-idf/main/CMakeFiles/__idf_main.dir/footswitch.c.obj -c C:/esp/my_host_project/my_app/main/footswitch.c
C:/esp/my_host_project/my_app/main/footswitch.c:37:41: warning: excess elements in struct initializer
   37 | static footswitch_state_t s_state = {0, 0};
      |                                         ^
C:/esp/my_host_project/my_app/main/footswitch.c:37:41: note: (near initialization for 's_state')
C:/esp/my_host_project/my_app/main/footswitch.c: In function 'footswitch_set_state':
C:/esp/my_host_project/my_app/main/footswitch.c:124:14: error: implicit declaration of function 'config_store_page_count'; did you mean 'config_store_bank_count'? [-Wimplicit-function-declaration]
  124 |     int pc = config_store_page_count(bank);
      |              ^~~~~~~~~~~~~~~~~~~~~~~
      |              config_store_bank_count
C:/esp/my_host_project/my_app/main/footswitch.c:128:12: error: 'footswitch_state_t' has no member named 'page'
  128 |     s_state.page = (uint8_t)page;
      |            ^
C:/esp/my_host_project/my_app/main/footswitch.c: In function 'apply_combo_logic':
C:/esp/my_host_project/my_app/main/footswitch.c:178:65: error: 'footswitch_state_t' has no member named 'page'
  178 |         footswitch_set_state((int)s_state.bank - 1, (int)s_state.page);
      |                                                                 ^
C:/esp/my_host_project/my_app/main/footswitch.c:189:65: error: 'footswitch_state_t' has no member named 'page'
  189 |         footswitch_set_state((int)s_state.bank + 1, (int)s_state.page);
      |                                                                 ^
C:/esp/my_host_project/my_app/main/footswitch.c: In function 'idx_ab':
C:/esp/my_host_project/my_app/main/footswitch.c:212:29: error: 'MAX_PAGES' undeclared (first use in this function); did you mean 'MAX_BANKS'?
  212 |     return (size_t)((bank * MAX_PAGES + page) * NUM_BTNS + btn);
      |                             ^~~~~~~~~
      |                             MAX_BANKS
C:/esp/my_host_project/my_app/main/footswitch.c:212:29: note: each undeclared identifier is reported only once for each function it appears in
C:/esp/my_host_project/my_app/main/footswitch.c: In function 'idx_gp':
C:/esp/my_host_project/my_app/main/footswitch.c:217:28: error: 'MAX_PAGES' undeclared (first use in this function); did you mean 'MAX_BANKS'?
  217 |     return (size_t)(bank * MAX_PAGES + page);
      |                            ^~~~~~~~~
      |                            MAX_BANKS
C:/esp/my_host_project/my_app/main/footswitch.c: In function 'dyn_state_init_once':
C:/esp/my_host_project/my_app/main/footswitch.c:224:57: error: 'MAX_PAGES' undeclared (first use in this function); did you mean 'MAX_BANKS'?
  224 |     const size_t ab_bytes = (size_t)MAX_BANKS * (size_t)MAX_PAGES * (size_t)NUM_BTNS;
      |                                                         ^~~~~~~~~
      |                                                         MAX_BANKS
C:/esp/my_host_project/my_app/main/footswitch.c: In function 'foot_task':
C:/esp/my_host_project/my_app/main/footswitch.c:348:32: error: 'footswitch_state_t' has no member named 'page'
  348 |         int page = (int)s_state.page;
      |                                ^
C:/esp/my_host_project/my_app/main/footswitch.c:366:55: error: subscripted value is neither array nor pointer nor vector
  366 |             const btn_map_t *m = &cfg->map[bank][page][i];
      |                                                       ^
C:/esp/my_host_project/my_app/main/footswitch.c:462:55: error: subscripted value is neither array nor pointer nor vector
  462 |             const btn_map_t *m = &cfg->map[bank][page][i];
      |                                                       ^
C:/esp/my_host_project/my_app/main/footswitch.c:476:34: error: too many arguments to function 'config_store_get_ab_led_sel'
  476 |                 uint8_t ledsel = config_store_get_ab_led_sel(bank, page, i); // 0=A,1=B
      |                                  ^~~~~~~~~~~~~~~~~~~~~~~~~~~
In file included from C:/esp/my_host_project/my_app/main/footswitch.c:15:
C:/esp/my_host_project/my_app/main/config_store.h:92:10: note: declared here
   92 | uint8_t  config_store_get_ab_led_sel(int bank, int btn);
      |          ^~~~~~~~~~~~~~~~~~~~~~~~~~~
C:/esp/my_host_project/my_app/main/footswitch.c: In function 'idx_gp':
C:/esp/my_host_project/my_app/main/footswitch.c:218:1: error: control reaches end of non-void function [-Werror=return-type]
  218 | }
      | ^
C:/esp/my_host_project/my_app/main/footswitch.c: In function 'idx_ab':
C:/esp/my_host_project/my_app/main/footswitch.c:213:1: error: control reaches end of non-void function [-Werror=return-type]
  213 | }
      | ^
cc1.exe: some warnings being treated as errors
ninja: build stopped: subcommand failed.
